Arguments: 
  /home/aidan/.nvm/versions/node/v14.19.2/bin/node /home/aidan/.yarn/bin/yarn.js

PATH: 
  /home/aidan/.yarn/bin:/home/aidan/.config/yarn/global/node_modules/.bin:/home/aidan/.vscode-server/bin/30d9c6cd9483b2cc586687151bcbcd635f373630/bin/remote-cli:/home/aidan/.nvm/versions/node/v14.19.2/bin:/home/aidan/.yarn/bin:/home/aidan/.config/yarn/global/node_modules/.bin:/usr/local/sbin:/usr/local/bin:/usr/sbin:/usr/bin:/sbin:/bin:/usr/games:/usr/local/games:/usr/lib/wsl/lib:/mnt/c/Program Files/WindowsApps/CanonicalGroupLimited.UbuntuonWindows_2004.2022.1.0_x64__79rhkp1fndgsc:/mnt/c/Windows/system32:/mnt/c/Windows:/mnt/c/Windows/System32/Wbem:/mnt/c/Windows/System32/WindowsPowerShell/v1.0/:/mnt/c/Windows/System32/OpenSSH/:/mnt/c/Users/aidan/AppData/Local/Microsoft/WindowsApps:/mnt/c/Users/aidan/AppData/Local/Programs/Microsoft VS Code/bin:/mnt/c/Program Files/OpenJDK/jdk-11.0.2/bin:/mnt/c/Program Files/Git/cmd:/mnt/c/WINDOWS/system32:/mnt/c/WINDOWS:/mnt/c/WINDOWS/System32/Wbem:/mnt/c/WINDOWS/System32/WindowsPowerShell/v1.0/:/mnt/c/WINDOWS/System32/OpenSSH/:/mnt/c/Program Files/Mullvad VPN/resources:/mnt/c/Program Files/JetBrains/IntelliJ IDEA Community Edition 2021.3.2/bin

Yarn version: 
  1.22.18

Node version: 
  14.19.2

Platform: 
  linux x64

Trace: 
  Error: getaddrinfo EAI_AGAIN registry.yarnpkg.com
      at GetAddrInfoReqWrap.onlookup [as oncomplete] (dns.js:71:26)

npm manifest: 
  {
    "name": "user-service",
    "version": "1.0.0",
    "description": "",
    "main": "index.ts",
    "type": "module",
    "scripts": {
      "dev": "tsx watch index.ts",
      "start": "tsx index.ts",
      "test": "echo \"Error: no test specified\" && exit 1"
    },
    "keywords": [],
    "author": "",
    "license": "ISC",
    "devDependencies": {
      "@types/cors": "^2.8.12",
      "@types/express": "^4.17.13",
      "@types/mongoose": "^5.11.97",
      "nodemon": "^2.0.19",
      "tsx": "^3.8.2",
      "typescript": "^4.7.4"
    },
    "dependencies": {
      "cors": "^2.8.5",
      "dotenv": "^16.0.1",
      "express": "^4.18.1",
      "mongoose": "^6.4.5"
    }
  }

yarn manifest: 
  No manifest

Lockfile: 
  No lockfile
